<?xml version="1.0" encoding="UTF-8"?>
<!-- Generated by org.testng.reporters.JUnitReportReporter -->
<testsuite hostname="node48" name="TestSimpleSet_Empty_addA_A" tests="9" failures="0" timestamp="16 Sep 2016 14:14:01 GMT" time="0.006" errors="0">
  <testcase name="testAdd_B" time="0.000" classname="TestSimpleSet_Empty_addA_A"/>
  <testcase name="testToString" time="0.000" classname="TestSimpleSet_Empty_addA_A"/>
  <testcase name="testRemove_A" time="0.000" classname="TestSimpleSet_Empty_addA_A"/>
  <testcase name="testSize" time="0.001" classname="TestSimpleSet_Empty_addA_A"/>
  <testcase name="testRemove_B" time="0.001" classname="TestSimpleSet_Empty_addA_A"/>
  <testcase name="testAdd_A" time="0.001" classname="TestSimpleSet_Empty_addA_A"/>
  <testcase name="testIsEmpty" time="0.001" classname="TestSimpleSet_Empty_addA_A"/>
  <testcase name="testContains_A" time="0.001" classname="TestSimpleSet_Empty_addA_A"/>
  <testcase name="testContains_B" time="0.001" classname="TestSimpleSet_Empty_addA_A"/>
</testsuite> <!-- TestSimpleSet_Empty_addA_A -->
