<?xml version="1.0" encoding="UTF-8"?>
<!-- Generated by org.testng.reporters.JUnitReportReporter -->
<testsuite hostname="node48" name="TestSimpleSet_AB_removeA_B" tests="9" failures="0" timestamp="16 Sep 2016 14:14:01 GMT" time="0.011" errors="0">
  <testcase name="testRemove_B" time="0.000" classname="TestSimpleSet_AB_removeA_B"/>
  <testcase name="testAdd_C" time="0.001" classname="TestSimpleSet_AB_removeA_B"/>
  <testcase name="testContains_B" time="0.001" classname="TestSimpleSet_AB_removeA_B"/>
  <testcase name="testContains_A" time="0.001" classname="TestSimpleSet_AB_removeA_B"/>
  <testcase name="testToString" time="0.001" classname="TestSimpleSet_AB_removeA_B"/>
  <testcase name="testIsEmpty" time="0.000" classname="TestSimpleSet_AB_removeA_B"/>
  <testcase name="testAdd_B" time="0.001" classname="TestSimpleSet_AB_removeA_B"/>
  <testcase name="testRemove_A" time="0.001" classname="TestSimpleSet_AB_removeA_B"/>
  <testcase name="testSize" time="0.005" classname="TestSimpleSet_AB_removeA_B"/>
</testsuite> <!-- TestSimpleSet_AB_removeA_B -->
