<?xml version="1.0" encoding="UTF-8"?>
<!-- Generated by org.testng.reporters.JUnitReportReporter -->
<testsuite hostname="node48" name="TestSimpleSet_NewEmptySet" tests="6" failures="0" timestamp="16 Sep 2016 14:14:01 GMT" time="0.014" errors="0">
  <testcase name="testSize" time="0.000" classname="TestSimpleSet_NewEmptySet"/>
  <testcase name="testRemove_A" time="0.001" classname="TestSimpleSet_NewEmptySet"/>
  <testcase name="testIsEmpty" time="0.001" classname="TestSimpleSet_NewEmptySet"/>
  <testcase name="testAdd_A" time="0.009" classname="TestSimpleSet_NewEmptySet"/>
  <testcase name="testContains_A" time="0.002" classname="TestSimpleSet_NewEmptySet"/>
  <testcase name="testToString" time="0.001" classname="TestSimpleSet_NewEmptySet"/>
</testsuite> <!-- TestSimpleSet_NewEmptySet -->
