<?xml version="1.0" encoding="UTF-8"?>
<!-- Generated by org.testng.reporters.JUnitReportReporter -->
<testsuite hostname="node48" name="TestSimpleSet_A_removeA_Empty" tests="6" failures="0" timestamp="16 Sep 2016 14:14:01 GMT" time="0.005" errors="0">
  <testcase name="testToString" time="0.001" classname="TestSimpleSet_A_removeA_Empty"/>
  <testcase name="testAdd_A" time="0.001" classname="TestSimpleSet_A_removeA_Empty"/>
  <testcase name="testIsEmpty" time="0.001" classname="TestSimpleSet_A_removeA_Empty"/>
  <testcase name="testRemove_A" time="0.001" classname="TestSimpleSet_A_removeA_Empty"/>
  <testcase name="testSize" time="0.000" classname="TestSimpleSet_A_removeA_Empty"/>
  <testcase name="testContains_A" time="0.001" classname="TestSimpleSet_A_removeA_Empty"/>
</testsuite> <!-- TestSimpleSet_A_removeA_Empty -->
