<?xml version="1.0" encoding="UTF-8"?>
<!-- Generated by org.testng.reporters.JUnitReportReporter -->
<testsuite hostname="node48" name="TestSimpleSet_ABC_removeA_BC" tests="12" failures="0" timestamp="16 Sep 2016 14:14:01 GMT" time="0.005" errors="0">
  <testcase name="testSize" time="0.000" classname="TestSimpleSet_ABC_removeA_BC"/>
  <testcase name="testContains_A" time="0.000" classname="TestSimpleSet_ABC_removeA_BC"/>
  <testcase name="testRemove_B" time="0.000" classname="TestSimpleSet_ABC_removeA_BC"/>
  <testcase name="testRemove_C" time="0.000" classname="TestSimpleSet_ABC_removeA_BC"/>
  <testcase name="testAdd_C" time="0.001" classname="TestSimpleSet_ABC_removeA_BC"/>
  <testcase name="testAdd_D" time="0.000" classname="TestSimpleSet_ABC_removeA_BC"/>
  <testcase name="testToString" time="0.001" classname="TestSimpleSet_ABC_removeA_BC"/>
  <testcase name="testContains_C" time="0.001" classname="TestSimpleSet_ABC_removeA_BC"/>
  <testcase name="testAdd_B" time="0.001" classname="TestSimpleSet_ABC_removeA_BC"/>
  <testcase name="testContains_B" time="0.000" classname="TestSimpleSet_ABC_removeA_BC"/>
  <testcase name="testRemove_A" time="0.000" classname="TestSimpleSet_ABC_removeA_BC"/>
  <testcase name="testIsEmpty" time="0.001" classname="TestSimpleSet_ABC_removeA_BC"/>
</testsuite> <!-- TestSimpleSet_ABC_removeA_BC -->
